<?xml version="1.0" encoding="UTF-8"?>
<testng-results skipped="0" failed="0" ignored="0" total="1" passed="1">
  <reporter-output>
  </reporter-output>
  <suite name="Default suite" duration-ms="10942" started-at="2021-12-06T04:48:10 UTC" finished-at="2021-12-06T04:48:21 UTC">
    <groups>
    </groups>
    <test name="Default test" duration-ms="10942" started-at="2021-12-06T04:48:10 UTC" finished-at="2021-12-06T04:48:21 UTC">
      <class name="in.amazon.testscripts.BuyMobilePhoneTest">
        <test-method status="PASS" signature="launchApplication()[pri:0, instance:in.amazon.testscripts.BuyMobilePhoneTest@528931cf]" name="launchApplication" is-config="true" duration-ms="3863" started-at="2021-12-06T04:48:10 UTC" finished-at="2021-12-06T04:48:14 UTC">
          <reporter-output>
          </reporter-output>
        </test-method> <!-- launchApplication -->
        <test-method status="PASS" signature="buyMobile()[pri:0, instance:in.amazon.testscripts.BuyMobilePhoneTest@528931cf]" name="buyMobile" duration-ms="6942" started-at="2021-12-06T04:48:14 UTC" finished-at="2021-12-06T04:48:21 UTC">
          <reporter-output>
          </reporter-output>
        </test-method> <!-- buyMobile -->
        <test-method status="PASS" signature="closeBrowser()[pri:0, instance:in.amazon.testscripts.BuyMobilePhoneTest@528931cf]" name="closeBrowser" is-config="true" duration-ms="87" started-at="2021-12-06T04:48:21 UTC" finished-at="2021-12-06T04:48:21 UTC">
          <reporter-output>
          </reporter-output>
        </test-method> <!-- closeBrowser -->
      </class> <!-- in.amazon.testscripts.BuyMobilePhoneTest -->
    </test> <!-- Default test -->
  </suite> <!-- Default suite -->
</testng-results>
